TN:
SF:src/api/apiClient.ts
FN:7,apiClient
FNF:1
FNH:0
FNDA:0,apiClient
DA:1,1
DA:2,1
DA:3,1
DA:4,1
DA:5,1
DA:6,1
DA:7,1
DA:8,0
DA:9,0
DA:10,0
DA:11,0
DA:12,0
DA:13,0
DA:14,0
DA:15,0
DA:16,0
DA:17,0
DA:18,0
DA:19,0
DA:20,0
DA:21,0
DA:22,0
DA:23,0
DA:24,0
DA:25,0
DA:26,0
LF:26
LH:7
BRF:0
BRH:0
end_of_record
TN:
SF:src/natural_hazards/volcanoes.ts
FN:8,getVolcanoList
FN:58,getVolcanoByCountry
FNF:2
FNH:1
FNDA:1,getVolcanoList
FNDA:0,getVolcanoByCountry
DA:1,1
DA:2,1
DA:3,1
DA:4,1
DA:5,1
DA:6,1
DA:7,1
DA:8,1
DA:9,1
DA:10,1
DA:11,1
DA:12,1
DA:13,1
DA:14,1
DA:15,1
DA:16,1
DA:17,1
DA:18,1
DA:19,1
DA:20,1
DA:21,1
DA:22,1
DA:23,1
DA:24,1
DA:25,1
DA:26,1
DA:27,0
DA:28,0
DA:29,0
DA:30,1
DA:31,1
DA:32,2
DA:33,2
DA:34,2
DA:35,2
DA:36,2
DA:37,2
DA:38,2
DA:39,4
DA:40,3
DA:41,3
DA:42,3
DA:43,3
DA:44,3
DA:45,3
DA:46,3
DA:47,2
DA:48,2
DA:49,2
DA:50,2
DA:51,2
DA:52,1
DA:53,0
DA:54,0
DA:55,0
DA:56,1
DA:57,1
DA:58,1
DA:59,0
DA:60,0
DA:61,0
LF:61
LH:52
BRDA:8,0,0,1
BRDA:26,1,0,0
BRDA:31,2,0,2
BRDA:52,3,0,0
BRDA:38,4,0,4
BRDA:39,5,0,3
BRF:6
BRH:4
end_of_record
